<?xml version="1.0" encoding="UTF-8"?>
<!-- Generated by org.testng.reporters.JUnitReportReporter -->
<testsuite hostname="IN-5CD52215T0" failures="0" tests="1" name="jenkins.DemoTest" time="3.083" errors="0" timestamp="2025-09-02T22:21:36 IST" skipped="0">
  <testcase classname="jenkins.DemoTest" name="test" time="3.083"/>
</testsuite> <!-- jenkins.DemoTest -->
